app/build/intermediates/manifest_merge_blame_file/debug/processDebugMainManifest/manifest-merger-blame-debug-report.txt
1<?xml version="1.0" encoding="utf-8"?>
2<manifest xmlns:android="http://schemas.android.com/apk/res/android"
3    package="home.assignemnt.githubprofile"
4    android:versionCode="1"
5    android:versionName="1.0" >
6
7    <uses-sdk
8        android:minSdkVersion="29"
9        android:targetSdkVersion="34" />
10
11    <uses-permission android:name="android.permission.POST_NOTIFICATIONS" />
11-->src/main/AndroidManifest.xml:4:5-77
11-->src/main/AndroidManifest.xml:4:22-74
12    <uses-permission android:name="android.permission.INTERNET" />
12-->[:data] AndroidManifest.xml:7:5-67
12-->[:data] AndroidManifest.xml:7:22-64
13
14    <queries>
14-->[com.github.chuckerteam.chucker:library:4.0.0] AndroidManifest.xml:7:5-13:15
15        <intent>
15-->[com.github.chuckerteam.chucker:library:4.0.0] AndroidManifest.xml:8:9-12:18
16            <action android:name="android.intent.action.CREATE_DOCUMENT" />
16-->[com.github.chuckerteam.chucker:library:4.0.0] AndroidManifest.xml:9:13-76
16-->[com.github.chuckerteam.chucker:library:4.0.0] AndroidManifest.xml:9:21-73
17
18            <data android:mimeType="*/*" />
18-->[com.github.chuckerteam.chucker:library:4.0.0] AndroidManifest.xml:11:13-44
18-->[com.github.chuckerteam.chucker:library:4.0.0] AndroidManifest.xml:11:19-41
19        </intent>
20    </queries>
21
22    <uses-permission
22-->[com.github.chuckerteam.chucker:library:4.0.0] AndroidManifest.xml:15:5-17:38
23        android:name="android.permission.WAKE_LOCK"
23-->[com.github.chuckerteam.chucker:library:4.0.0] AndroidManifest.xml:16:9-52
24        android:maxSdkVersion="25" />
24-->[com.github.chuckerteam.chucker:library:4.0.0] AndroidManifest.xml:17:9-35
25
26    <permission
26-->[androidx.core:core:1.13.1] AndroidManifest.xml:22:5-24:47
27        android:name="home.assignemnt.githubprofile.DYNAMIC_RECEIVER_NOT_EXPORTED_PERMISSION"
27-->[androidx.core:core:1.13.1] AndroidManifest.xml:23:9-81
28        android:protectionLevel="signature" />
28-->[androidx.core:core:1.13.1] AndroidManifest.xml:24:9-44
29
30    <uses-permission android:name="home.assignemnt.githubprofile.DYNAMIC_RECEIVER_NOT_EXPORTED_PERMISSION" />
30-->[androidx.core:core:1.13.1] AndroidManifest.xml:26:5-97
30-->[androidx.core:core:1.13.1] AndroidManifest.xml:26:22-94
31
32    <application
32-->src/main/AndroidManifest.xml:5:5-27:19
33        android:name="home.assignemnt.githubprofile.App"
33-->src/main/AndroidManifest.xml:6:9-27
34        android:allowBackup="true"
34-->src/main/AndroidManifest.xml:7:9-35
35        android:appComponentFactory="androidx.core.app.CoreComponentFactory"
35-->[androidx.core:core:1.13.1] AndroidManifest.xml:28:18-86
36        android:dataExtractionRules="@xml/data_extraction_rules"
36-->src/main/AndroidManifest.xml:8:9-65
37        android:debuggable="true"
38        android:extractNativeLibs="false"
39        android:fullBackupContent="@xml/backup_rules"
39-->src/main/AndroidManifest.xml:9:9-54
40        android:icon="@mipmap/ic_launcher"
40-->src/main/AndroidManifest.xml:10:9-43
41        android:label="@string/app_name"
41-->src/main/AndroidManifest.xml:11:9-41
42        android:roundIcon="@mipmap/ic_launcher_round"
42-->src/main/AndroidManifest.xml:12:9-54
43        android:supportsRtl="true"
43-->src/main/AndroidManifest.xml:13:9-35
44        android:testOnly="true"
45        android:theme="@style/Theme.GitHubProfile" >
45-->src/main/AndroidManifest.xml:14:9-51
46        <activity
46-->src/main/AndroidManifest.xml:16:9-26:20
47            android:name="home.assignemnt.githubprofile.MainActivity"
47-->src/main/AndroidManifest.xml:17:13-41
48            android:exported="true"
48-->src/main/AndroidManifest.xml:18:13-36
49            android:label="@string/app_name"
49-->src/main/AndroidManifest.xml:19:13-45
50            android:theme="@style/Theme.GitHubProfile" >
50-->src/main/AndroidManifest.xml:20:13-55
51            <intent-filter>
51-->src/main/AndroidManifest.xml:21:13-25:29
52                <action android:name="android.intent.action.MAIN" />
52-->src/main/AndroidManifest.xml:22:17-69
52-->src/main/AndroidManifest.xml:22:25-66
53
54                <category android:name="android.intent.category.LAUNCHER" />
54-->src/main/AndroidManifest.xml:24:17-77
54-->src/main/AndroidManifest.xml:24:27-74
55            </intent-filter>
56        </activity>
57        <activity
57-->[com.github.chuckerteam.chucker:library:4.0.0] AndroidManifest.xml:21:9-26:52
58            android:name="com.chuckerteam.chucker.internal.ui.MainActivity"
58-->[com.github.chuckerteam.chucker:library:4.0.0] AndroidManifest.xml:22:13-76
59            android:label="@string/chucker_name"
59-->[com.github.chuckerteam.chucker:library:4.0.0] AndroidManifest.xml:23:13-49
60            android:launchMode="singleTask"
60-->[com.github.chuckerteam.chucker:library:4.0.0] AndroidManifest.xml:24:13-44
61            android:taskAffinity="com.chuckerteam.chucker.task"
61-->[com.github.chuckerteam.chucker:library:4.0.0] AndroidManifest.xml:25:13-64
62            android:theme="@style/Chucker.Theme" />
62-->[com.github.chuckerteam.chucker:library:4.0.0] AndroidManifest.xml:26:13-49
63        <activity
63-->[com.github.chuckerteam.chucker:library:4.0.0] AndroidManifest.xml:27:9-30:52
64            android:name="com.chuckerteam.chucker.internal.ui.transaction.TransactionActivity"
64-->[com.github.chuckerteam.chucker:library:4.0.0] AndroidManifest.xml:28:13-95
65            android:parentActivityName="com.chuckerteam.chucker.internal.ui.MainActivity"
65-->[com.github.chuckerteam.chucker:library:4.0.0] AndroidManifest.xml:29:13-90
66            android:theme="@style/Chucker.Theme" />
66-->[com.github.chuckerteam.chucker:library:4.0.0] AndroidManifest.xml:30:13-49
67
68        <service
68-->[com.github.chuckerteam.chucker:library:4.0.0] AndroidManifest.xml:32:9-35:72
69            android:name="com.chuckerteam.chucker.internal.support.ClearDatabaseService"
69-->[com.github.chuckerteam.chucker:library:4.0.0] AndroidManifest.xml:33:13-89
70            android:exported="false"
70-->[com.github.chuckerteam.chucker:library:4.0.0] AndroidManifest.xml:34:13-37
71            android:permission="android.permission.BIND_JOB_SERVICE" />
71-->[com.github.chuckerteam.chucker:library:4.0.0] AndroidManifest.xml:35:13-69
72
73        <receiver
73-->[com.github.chuckerteam.chucker:library:4.0.0] AndroidManifest.xml:37:9-39:40
74            android:name="com.chuckerteam.chucker.internal.support.ClearDatabaseJobIntentServiceReceiver"
74-->[com.github.chuckerteam.chucker:library:4.0.0] AndroidManifest.xml:38:13-106
75            android:exported="false" />
75-->[com.github.chuckerteam.chucker:library:4.0.0] AndroidManifest.xml:39:13-37
76
77        <provider
77-->[com.github.chuckerteam.chucker:library:4.0.0] AndroidManifest.xml:41:9-49:20
78            android:name="com.chuckerteam.chucker.internal.support.ChuckerFileProvider"
78-->[com.github.chuckerteam.chucker:library:4.0.0] AndroidManifest.xml:42:13-88
79            android:authorities="home.assignemnt.githubprofile.com.chuckerteam.chucker.provider"
79-->[com.github.chuckerteam.chucker:library:4.0.0] AndroidManifest.xml:43:13-84
80            android:exported="false"
80-->[com.github.chuckerteam.chucker:library:4.0.0] AndroidManifest.xml:44:13-37
81            android:grantUriPermissions="true" >
81-->[com.github.chuckerteam.chucker:library:4.0.0] AndroidManifest.xml:45:13-47
82            <meta-data
82-->[com.github.chuckerteam.chucker:library:4.0.0] AndroidManifest.xml:46:13-48:66
83                android:name="android.support.FILE_PROVIDER_PATHS"
83-->[com.github.chuckerteam.chucker:library:4.0.0] AndroidManifest.xml:47:17-67
84                android:resource="@xml/chucker_provider_paths" />
84-->[com.github.chuckerteam.chucker:library:4.0.0] AndroidManifest.xml:48:17-63
85        </provider>
86
87        <activity
87-->[androidx.compose.ui:ui-tooling-android:1.6.7] AndroidManifest.xml:23:9-25:39
88            android:name="androidx.compose.ui.tooling.PreviewActivity"
88-->[androidx.compose.ui:ui-tooling-android:1.6.7] AndroidManifest.xml:24:13-71
89            android:exported="true" />
89-->[androidx.compose.ui:ui-tooling-android:1.6.7] AndroidManifest.xml:25:13-36
90        <activity
90-->[androidx.compose.ui:ui-test-manifest:1.6.7] AndroidManifest.xml:23:9-25:39
91            android:name="androidx.activity.ComponentActivity"
91-->[androidx.compose.ui:ui-test-manifest:1.6.7] AndroidManifest.xml:24:13-63
92            android:exported="true" />
92-->[androidx.compose.ui:ui-test-manifest:1.6.7] AndroidManifest.xml:25:13-36
93
94        <provider
94-->[androidx.emoji2:emoji2:1.3.0] AndroidManifest.xml:24:9-32:20
95            android:name="androidx.startup.InitializationProvider"
95-->[androidx.emoji2:emoji2:1.3.0] AndroidManifest.xml:25:13-67
96            android:authorities="home.assignemnt.githubprofile.androidx-startup"
96-->[androidx.emoji2:emoji2:1.3.0] AndroidManifest.xml:26:13-68
97            android:exported="false" >
97-->[androidx.emoji2:emoji2:1.3.0] AndroidManifest.xml:27:13-37
98            <meta-data
98-->[androidx.emoji2:emoji2:1.3.0] AndroidManifest.xml:29:13-31:52
99                android:name="androidx.emoji2.text.EmojiCompatInitializer"
99-->[androidx.emoji2:emoji2:1.3.0] AndroidManifest.xml:30:17-75
100                android:value="androidx.startup" />
100-->[androidx.emoji2:emoji2:1.3.0] AndroidManifest.xml:31:17-49
101            <meta-data
101-->[androidx.lifecycle:lifecycle-process:2.8.2] AndroidManifest.xml:29:13-31:52
102                android:name="androidx.lifecycle.ProcessLifecycleInitializer"
102-->[androidx.lifecycle:lifecycle-process:2.8.2] AndroidManifest.xml:30:17-78
103                android:value="androidx.startup" />
103-->[androidx.lifecycle:lifecycle-process:2.8.2] AndroidManifest.xml:31:17-49
104            <meta-data
104-->[androidx.profileinstaller:profileinstaller:1.3.1] AndroidManifest.xml:29:13-31:52
105                android:name="androidx.profileinstaller.ProfileInstallerInitializer"
105-->[androidx.profileinstaller:profileinstaller:1.3.1] AndroidManifest.xml:30:17-85
106                android:value="androidx.startup" />
106-->[androidx.profileinstaller:profileinstaller:1.3.1] AndroidManifest.xml:31:17-49
107        </provider>
108
109        <service
109-->[androidx.room:room-runtime:2.5.2] AndroidManifest.xml:24:9-28:63
110            android:name="androidx.room.MultiInstanceInvalidationService"
110-->[androidx.room:room-runtime:2.5.2] AndroidManifest.xml:25:13-74
111            android:directBootAware="true"
111-->[androidx.room:room-runtime:2.5.2] AndroidManifest.xml:26:13-43
112            android:exported="false" />
112-->[androidx.room:room-runtime:2.5.2] AndroidManifest.xml:27:13-37
113
114        <receiver
114-->[androidx.profileinstaller:profileinstaller:1.3.1] AndroidManifest.xml:34:9-52:20
115            android:name="androidx.profileinstaller.ProfileInstallReceiver"
115-->[androidx.profileinstaller:profileinstaller:1.3.1] AndroidManifest.xml:35:13-76
116            android:directBootAware="false"
116-->[androidx.profileinstaller:profileinstaller:1.3.1] AndroidManifest.xml:36:13-44
117            android:enabled="true"
117-->[androidx.profileinstaller:profileinstaller:1.3.1] AndroidManifest.xml:37:13-35
118            android:exported="true"
118-->[androidx.profileinstaller:profileinstaller:1.3.1] AndroidManifest.xml:38:13-36
119            android:permission="android.permission.DUMP" >
119-->[androidx.profileinstaller:profileinstaller:1.3.1] AndroidManifest.xml:39:13-57
120            <intent-filter>
120-->[androidx.profileinstaller:profileinstaller:1.3.1] AndroidManifest.xml:40:13-42:29
121                <action android:name="androidx.profileinstaller.action.INSTALL_PROFILE" />
121-->[androidx.profileinstaller:profileinstaller:1.3.1] AndroidManifest.xml:41:17-91
121-->[androidx.profileinstaller:profileinstaller:1.3.1] AndroidManifest.xml:41:25-88
122            </intent-filter>
123            <intent-filter>
123-->[androidx.profileinstaller:profileinstaller:1.3.1] AndroidManifest.xml:43:13-45:29
124                <action android:name="androidx.profileinstaller.action.SKIP_FILE" />
124-->[androidx.profileinstaller:profileinstaller:1.3.1] AndroidManifest.xml:44:17-85
124-->[androidx.profileinstaller:profileinstaller:1.3.1] AndroidManifest.xml:44:25-82
125            </intent-filter>
126            <intent-filter>
126-->[androidx.profileinstaller:profileinstaller:1.3.1] AndroidManifest.xml:46:13-48:29
127                <action android:name="androidx.profileinstaller.action.SAVE_PROFILE" />
127-->[androidx.profileinstaller:profileinstaller:1.3.1] AndroidManifest.xml:47:17-88
127-->[androidx.profileinstaller:profileinstaller:1.3.1] AndroidManifest.xml:47:25-85
128            </intent-filter>
129            <intent-filter>
129-->[androidx.profileinstaller:profileinstaller:1.3.1] AndroidManifest.xml:49:13-51:29
130                <action android:name="androidx.profileinstaller.action.BENCHMARK_OPERATION" />
130-->[androidx.profileinstaller:profileinstaller:1.3.1] AndroidManifest.xml:50:17-95
130-->[androidx.profileinstaller:profileinstaller:1.3.1] AndroidManifest.xml:50:25-92
131            </intent-filter>
132        </receiver>
133    </application>
134
135</manifest>